Start testing: Aug 14 20:21 PDT
----------------------------------------------------------
1/1 Testing: test_demo
1/1 Test: test_demo
Command: "/home/p/git/cmocka/build/tests/test_demo"
Directory: /home/p/git/cmocka/build/tests
"test_demo" start time: Aug 14 20:21 PDT
Output:
----------------------------------------------------------
[==========] Running 5 test(s).
[ RUN      ] test_get_len
[       OK ] test_get_len
[ RUN      ] test_find
target b first appear on index 1
target c first appear on index 2
[       OK ] test_find
[ RUN      ] test_insert
wrong pos
wrong pos
[       OK ] test_insert
[ RUN      ] test_removal
cdefgfg
wrong index
wrong index
wrong index
 l®ß\
[       OK ] test_removal
[ RUN      ] test_dump
[       OK ] test_dump
[==========] 5 test(s) run.
[  PASSED  ] 5 test(s).
<end of output>
Test time =   0.00 sec
----------------------------------------------------------
Test Passed.
"test_demo" end time: Aug 14 20:21 PDT
"test_demo" time elapsed: 00:00:00
----------------------------------------------------------

End testing: Aug 14 20:21 PDT
